Sections:
00: ".vectors" (0-2C0)
01: ".jumptable" (0-0)
02: ".text" (0-44A)
03: ".rodata" (0-0)
04: ".data" (0-5E0)
05: ".bss" (0-2550)


Source: "vbug2-0.asm"
                            	     1:         SECTION .vectors
                            	     2:         ORG     $00000000
                            	     3:         ; --- Vetores de Exceção do 68000 ---
00:00000000 000FFFF0        	     4:         DC.L    $000FFFF0         ; SP inicial
00:00000004 0000121C        	     5:         DC.L    vbug2_start       ; PC inicial
00:00000008 00001000        	     6:         DC.L    SERVICE_BUS_ERR   ; Bus Error
00:0000000C 00001002        	     7:         DC.L    SERVICE_ADDR_ERR  ; Address Error
00:00000010 00001004        	     8:         DC.L    SERVICE_ILLEGAL   ; Illegal Instruction
00:00000014 00001006        	     9:         DC.L    SERVICE_DIV0      ; Division by Zero
00:00000018 00001008        	    10:         DC.L    SERVICE_CHECK     ; CHK Instruction
00:0000001C 0000100A        	    11:         DC.L    SERVICE_TRAPV     ; TRAPV Instruction
00:00000020 0000100C        	    12:         DC.L    SERVICE_PRIV      ; Privilege Violation
00:00000024 0000100E        	    13:         DC.L    SERVICE_TRACE     ; Trace
00:00000028 00001010        	    14:         DC.L    SERVICE_LINE_A    ; Line A Emulator
00:0000002C 00001012        	    15:         DC.L    SERVICE_LINE_F    ; Line F Emulator
00:00000030 00001014        	    16:         DC.L    DefaultHandler     ; $60: Spurious Interrupt
00:00000034 00001014        	    17:         DC.L    DefaultHandler     ; $64: Level 1 Interrupt
00:00000038 00001014        	    18:         DC.L    DefaultHandler     ; $68: Level 2 Interrupt
00:0000003C 00001014        	    19:         DC.L    DefaultHandler     ; $6C: Level 3 Interrupt
00:00000040 00001014        	    20:         DC.L    DefaultHandler     ; $70: Level 4 Interrupt
00:00000044 00001014        	    21:         DC.L    DefaultHandler     ; $74: Level 5 Interrupt
00:00000048 00001014        	    22:         DC.L    DefaultHandler     ; $78: Level 6 Interrupt
00:0000004C 00001014        	    23:         DC.L    DefaultHandler     ; $7C: Level 7 Interrupt
00:00000050 00001014        	    24:         DC.L    DefaultHandler
00:00000054 00001014        	    25:         DC.L    DefaultHandler
00:00000058 00001014        	    26:         DC.L    DefaultHandler
00:0000005C 00001014        	    27:         DC.L    DefaultHandler
00:00000060 000010CE        	    28:         DC.L    SpuriousHandler
00:00000064 00001178        	    29:         DC.L    Int1Handler
00:00000068 00001188        	    30:         DC.L    Int2Handler
00:0000006C 00001198        	    31:         DC.L    Int3Handler
00:00000070 000011A8        	    32:         DC.L    Int4Handler
00:00000074 000011B8        	    33:         DC.L    Int5Handler
00:00000078 000011C8        	    34:         DC.L    Int6Handler
00:0000007C 000011D8        	    35:         DC.L    Int7Handler
00:00000080 000010D0        	    36:         DC.L    Trap0Handler
00:00000084 000010DC        	    37:         DC.L    Trap1Handler
00:00000088 000010E8        	    38:         DC.L    Trap2Handler
00:0000008C 000010F4        	    39:         DC.L    Trap3Handler
00:00000090 000010FE        	    40:         DC.L    Trap4Handler
00:00000094 00001108        	    41:         DC.L    Trap5Handler
00:00000098 00001112        	    42:         DC.L    Trap6Handler
00:0000009C 0000111C        	    43:         DC.L    Trap7Handler
00:000000A0 00001126        	    44:         DC.L    Trap8Handler
00:000000A4 00001130        	    45:         DC.L    Trap9Handler
00:000000A8 0000113A        	    46:         DC.L    TrapAHandler
00:000000AC 00001144        	    47:         DC.L    TrapBHandler
00:000000B0 0000114E        	    48:         DC.L    TrapCHandler
00:000000B4 00001158        	    49:         DC.L    TrapDHandler
00:000000B8 00001162        	    50:         DC.L    TrapEHandler
00:000000BC 0000116C        	    51:         DC.L    TrapFHandler
00:000000C0 000011E8        	    52:         DCB.L   128,Universal_Trampoline
00:000000C4 *
                            	    53: 
                            	    54:         SECTION .jumptable
                            	    55:         ORG     $0400
                            	    56: ROM_JUMPTABLE:
                            	    57:         ; BRA     UART_Init          ;        0x400
                            	    58:         ; BRA     UART_WriteChar     ;        0x404
                            	    59:         ; BRA     UART_ReadChar      ;        0x408
                            	    60:         ; BRA     UART_Select        ;        0x40C
                            	    61:         ; BRA     UART_Setbaudrate   ;        0x410
                            	    62:         ; BRA     DELAY_MS           ;        0x414
                            	    63:         ; BRA     MEMDUMP            ;        0x418
                            	    64:         ; BRA     UART_ReadCharNonEcho;       0x41C
                            	    65:         ; BRA     vbug2_start         ;       0x420
                            	    66:         ; BRA     warm_start          ;       0x424
                            	    67:         ; BRA     MenuLoop            ;       0x428
                            	    68:         ; BRA     new_line            ;       0x42C
                            	    69:         ; BRA     UART_WriteString    ;       0x430
                            	    70:         ; BRA     UART_INIT1          ;       0x434
                            	    71: ; =============================================================================
                            	    72: ; FIM DA TABELA DE VETORES (Endereço $000400 alcançado de forma contínua!)
                            	    73: ; =============================================================================
                            	    74:         SECTION .text
                            	    75:         ORG $00001000
                            	    76: 
                            	    77: ROMBASE         equ $00000
                            	    78: ROMSIZE         equ $3FFFF    ;256K WORDS
                            	    79: RAMBASE         equ $80000
                            	    80: RAMSIZE         equ $7FFFF    ;512K WORDS
                            	    81: USER_SP         equ $6F000
                            	    82: RAM_VECTOR_BASE equ RAMBASE
                            	    83: 
                            	    84: SERVICE_BUS_ERR:
02:00001000 4E73            	    85:         RTE
                            	    86: SERVICE_ADDR_ERR:
02:00001002 4E73            	    87:         RTE
                            	    88: SERVICE_ILLEGAL:
02:00001004 4E73            	    89:         RTE
                            	    90: SERVICE_DIV0:
02:00001006 4E73            	    91:         RTE
                            	    92: SERVICE_CHECK:
02:00001008 4E73            	    93:         RTE
                            	    94: SERVICE_TRAPV:
02:0000100A 4E73            	    95:         RTE
                            	    96: SERVICE_PRIV:
02:0000100C 4E73            	    97:         RTE
                            	    98: SERVICE_TRACE:
02:0000100E 4E73            	    99:         RTE
                            	   100: SERVICE_LINE_A:
02:00001010 4E73            	   101:         RTE
                            	   102: SERVICE_LINE_F:
02:00001012 4E73            	   103:         RTE
                            	   104: DefaultHandler:
02:00001014 48E7FFFE        	   105:         MOVEM.L D0-D7/A0-A6,-(SP)
                            	   106:         ; --- IDENTIFICA O TIPO DE EXCEÇÃO, AGORA lê corretamente da pilha ---
02:00001018 202F000E        	   107:         MOVE.L  (14,SP),D0      ; ⭐⭐ PC (14 bytes abaixo por causa dos registradores salvos)
02:0000101C 322F0012        	   108:         MOVE.W  (18,SP),D1      ; ⭐⭐ SR (18 bytes abaixo)
02:00001020 342F0014        	   109:         MOVE.W  (20,SP),D2      ; ⭐⭐ Vector Offset (20 bytes abaixo)
                            	   110:         ; Mostra informações detalhadas
02:00001024 41F900000527    	   111:         LEA     MsgDebug,A0
02:0000102A 4EB811EC        	   112:         JSR     WriteString
02:0000102E 2000            	   113:         MOVE.L  D0,D0           ; PC
02:00001030 4EB811EE        	   114:         JSR     PrintAddrHex
02:00001034 4EB811F0        	   115:         JSR     NewLine
02:00001038 41F900000538    	   116:         LEA     MsgSr,A0
02:0000103E 4EB811EC        	   117:         JSR     WriteString
02:00001042 3001            	   118:         MOVE.W  D1,D0           ; SR
02:00001044 4EB811EE        	   119:         JSR     PrintAddrHex
02:00001048 4EB811F0        	   120:         JSR     NewLine
02:0000104C 41F90000055E    	   121:         LEA     MsgVector,A0
02:00001052 4EB811EC        	   122:         JSR     WriteString
02:00001056 3002            	   123:         MOVE.W  D2,D0           ; Vector offset
02:00001058 4EB811EE        	   124:         JSR     PrintAddrHex
02:0000105C 4EB811F0        	   125:         JSR     NewLine
                            	   126:         ; --- ANALISA O VETOR ---
02:00001060 E44A            	   127:         LSR.W   #2,D2           ; Divide por 4 para get vector number
02:00001062 024200FF        	   128:         ANDI.W  #$FF,D2         ; Vector number em D2
02:00001066 41F90000056E    	   129:         LEA     MsgVectorNum,A0
02:0000106C 4EB811EC        	   130:         JSR     WriteString
02:00001070 3002            	   131:         MOVE.W  D2,D0
02:00001072 4EB811EE        	   132:         JSR     PrintAddrHex
02:00001076 4EB811F0        	   133:         JSR     NewLine
                            	   134:         ; --- MOSTRA QUAL EXCEÇÃO É ---
02:0000107A B47C0008        	   135:         CMP.W   #8,D2
02:0000107E 6608            	   136:         BNE     .not_bus_error
02:00001080 41F90000057E    	   137:         LEA     MsgBusError,A0
02:00001086 6030            	   138:         BRA     .show_msg
                            	   139: .not_bus_error:
02:00001088 B47C0009        	   140:         CMP.W   #9,D2
02:0000108C 6608            	   141:         BNE     .not_address_error
02:0000108E 41F900000589    	   142:         LEA     MsgAddrError,A0
02:00001094 6022            	   143:         BRA     .show_msg
                            	   144: .not_address_error:
02:00001096 B47C000A        	   145:         CMP.W   #10,D2
02:0000109A 6608            	   146:         BNE     .not_illegal
02:0000109C 41F900000598    	   147:         LEA     MsgIllegal,A0
02:000010A2 6014            	   148:         BRA     .show_msg
                            	   149: .not_illegal:
02:000010A4 B47C0020        	   150:         CMP.W   #32,D2
02:000010A8 6508            	   151:         BLO     .other_exception
02:000010AA 41F9000005AD    	   152:         LEA     MsgTrap,A0
02:000010B0 6006            	   153:         BRA     .show_msg
                            	   154: .other_exception:
02:000010B2 41F9000005BF    	   155:         LEA     MsgUnknown,A0
                            	   156: .show_msg:
02:000010B8 4EB811EC        	   157:         JSR     WriteString
02:000010BC 4EB811F0        	   158:         JSR     NewLine
                            	   159:         ; Pequeno delay para visualização
02:000010C0 76054843        	   160:         MOVE.L  #$50000,D3
                            	   161: .DELAY:
02:000010C4 5383            	   162:         SUBQ.L  #1,D3
02:000010C6 66FC            	   163:         BNE     .DELAY
02:000010C8 4CDF7FFF        	   164:         MOVEM.L (SP)+,D0-D7/A0-A6
                            	   165:         ;MOVE.W  #$CC00,LED_ADDRESS  ; Indica spurious
02:000010CC 4E73            	   166:         RTE
                            	   167: SpuriousHandler:
02:000010CE 4E73            	   168:         RTE
                            	   169: Trap0Handler:
02:000010D0 2F08            	   170:         MOVE.L  A0,-(SP)
02:000010D2 207900080000    	   171:         MOVE.L  (RAM_VECTOR_BASE),A0     ; Trap 0 mapeada em $400
02:000010D8 6000009A        	   172:         BRA     Gateway
                            	   173: Trap1Handler:
02:000010DC 2F08            	   174:         MOVE.L  A0,-(SP)
02:000010DE 207900080004    	   175:         MOVE.L  (RAM_VECTOR_BASE+4),A0   ; Trap 1 mapeada em $404
02:000010E4 6000008E        	   176:         BRA     Gateway
                            	   177: Trap2Handler:
02:000010E8 2F08            	   178:         MOVE.L  A0,-(SP)
02:000010EA 207900080008    	   179:         MOVE.L  (RAM_VECTOR_BASE+8),A0   ; Trap 2 mapeada em $408
02:000010F0 60000082        	   180:         BRA     Gateway
                            	   181: Trap3Handler:
02:000010F4 2F08            	   182:         MOVE.L  A0,-(SP)
02:000010F6 20790008000C    	   183:         MOVE.L  (RAM_VECTOR_BASE+12),A0
02:000010FC 6076            	   184:         BRA     Gateway
                            	   185: Trap4Handler:
02:000010FE 2F08            	   186:         MOVE.L  A0,-(SP)
02:00001100 207900080010    	   187:         MOVE.L  (RAM_VECTOR_BASE+16),A0
02:00001106 606C            	   188:         BRA     Gateway
                            	   189: Trap5Handler:
02:00001108 2F08            	   190:         MOVE.L  A0,-(SP)
02:0000110A 207900080014    	   191:         MOVE.L  (RAM_VECTOR_BASE+20),A0
02:00001110 6062            	   192:         BRA     Gateway
                            	   193: Trap6Handler:
02:00001112 2F08            	   194:         MOVE.L  A0,-(SP)
02:00001114 207900080018    	   195:         MOVE.L  (RAM_VECTOR_BASE+24),A0
02:0000111A 6058            	   196:         BRA     Gateway
                            	   197: Trap7Handler:
02:0000111C 2F08            	   198:         MOVE.L  A0,-(SP)
02:0000111E 20790008001C    	   199:         MOVE.L  (RAM_VECTOR_BASE+28),A0
02:00001124 604E            	   200:         BRA     Gateway
                            	   201: Trap8Handler:
02:00001126 2F08            	   202:         MOVE.L  A0,-(SP)
02:00001128 207900080020    	   203:         MOVE.L  (RAM_VECTOR_BASE+32),A0
02:0000112E 6044            	   204:         BRA     Gateway
                            	   205: Trap9Handler:
02:00001130 2F08            	   206:         MOVE.L  A0,-(SP)
02:00001132 207900080024    	   207:         MOVE.L  (RAM_VECTOR_BASE+36),A0
02:00001138 603A            	   208:         BRA     Gateway
                            	   209: TrapAHandler:
02:0000113A 2F08            	   210:         MOVE.L  A0,-(SP)
02:0000113C 207900080028    	   211:         MOVE.L  (RAM_VECTOR_BASE+40),A0
02:00001142 6030            	   212:         BRA     Gateway
                            	   213: TrapBHandler:
02:00001144 2F08            	   214:         MOVE.L  A0,-(SP)
02:00001146 20790008002C    	   215:         MOVE.L  (RAM_VECTOR_BASE+44),A0
02:0000114C 6026            	   216:         BRA     Gateway
                            	   217: TrapCHandler:
02:0000114E 2F08            	   218:         MOVE.L  A0,-(SP)
02:00001150 207900080030    	   219:         MOVE.L  (RAM_VECTOR_BASE+48),A0
02:00001156 601C            	   220:         BRA     Gateway
                            	   221: TrapDHandler:
02:00001158 2F08            	   222:         MOVE.L  A0,-(SP)
02:0000115A 207900080034    	   223:         MOVE.L  (RAM_VECTOR_BASE+52),A0
02:00001160 6012            	   224:         BRA     Gateway
                            	   225: TrapEHandler:
02:00001162 2F08            	   226:         MOVE.L  A0,-(SP)
02:00001164 207900080038    	   227:         MOVE.L  (RAM_VECTOR_BASE+56),A0
02:0000116A 6008            	   228:         BRA     Gateway
                            	   229: TrapFHandler:
02:0000116C 2F08            	   230:         MOVE.L  A0,-(SP)
02:0000116E 20790008003C    	   231:         MOVE.L  (RAM_VECTOR_BASE+60),A0
                            	   232:         BRA     Gateway
                            	   233: 
                            	   234: Gateway:
02:00001174 205F            	   235:         MOVEM.L (SP)+,A0
02:00001176 4ED0            	   236:         JMP     (A0)
                            	   237: Int1Handler:        
02:00001178 48E7FFFE        	   238:         MOVEM.L D0-D7/A0-A6,-(A7)
02:0000117C 207900080040    	   239:         MOVE.L  (RAM_VECTOR_BASE+64),A0
02:00001182 4CDF7FFF        	   240:         MOVEM.L (A7)+,D0-D7/A0-A6
02:00001186 4E73            	   241:         RTE
                            	   242: Int2Handler:        
02:00001188 48E7FFFE        	   243:         MOVEM.L D0-D7/A0-A6,-(A7)
02:0000118C 207900080044    	   244:         MOVE.L  (RAM_VECTOR_BASE+68),A0
02:00001192 4CDF7FFF        	   245:         MOVEM.L (A7)+,D0-D7/A0-A6
02:00001196 4E73            	   246:         RTE
                            	   247: Int3Handler:        
02:00001198 48E7FFFE        	   248:         MOVEM.L D0-D7/A0-A6,-(A7)
02:0000119C 207900080048    	   249:         MOVE.L  (RAM_VECTOR_BASE+72),A0
02:000011A2 4CDF7FFF        	   250:         MOVEM.L (A7)+,D0-D7/A0-A6
02:000011A6 4E73            	   251:         RTE
                            	   252: Int4Handler:        
02:000011A8 48E7FFFE        	   253:         MOVEM.L D0-D7/A0-A6,-(A7)
02:000011AC 20790008004C    	   254:         MOVE.L  (RAM_VECTOR_BASE+76),A0
02:000011B2 4CDF7FFF        	   255:         MOVEM.L (A7)+,D0-D7/A0-A6
02:000011B6 4E73            	   256:         RTE
                            	   257: Int5Handler:        
02:000011B8 48E7FFFE        	   258:         MOVEM.L D0-D7/A0-A6,-(A7)
02:000011BC 207900080050    	   259:         MOVE.L  (RAM_VECTOR_BASE+80),A0
02:000011C2 4CDF7FFF        	   260:         MOVEM.L (A7)+,D0-D7/A0-A6
02:000011C6 4E73            	   261:         RTE
                            	   262: Int6Handler:        
02:000011C8 48E7FFFE        	   263:         MOVEM.L D0-D7/A0-A6,-(A7)
02:000011CC 207900080054    	   264:         MOVE.L  (RAM_VECTOR_BASE+84),A0
02:000011D2 4CDF7FFF        	   265:         MOVEM.L (A7)+,D0-D7/A0-A6
02:000011D6 4E73            	   266:         RTE
                            	   267: Int7Handler:        
02:000011D8 48E7FFFE        	   268:         MOVEM.L D0-D7/A0-A6,-(A7)
02:000011DC 52B90008094C    	   269:         ADDQ.L  #1,system_tick
02:000011E2 4CDF7FFF        	   270:         MOVEM.L (A7)+,D0-D7/A0-A6
02:000011E6 4E73            	   271:         RTE
                            	   272: 
                            	   273: ; Tratador para todos os outros vetores que você não mapeou individualmente ainda
                            	   274: Universal_Trampoline:
02:000011E8 4E73            	   275:         RTE
                            	   276: WriteChar:
02:000011EA 4E75            	   277:         RTS
                            	   278: WriteString:
02:000011EC 4E75            	   279:         RTS
                            	   280: PrintAddrHex:
02:000011EE 4E75            	   281:         RTS
                            	   282: NewLine:
02:000011F0 2F00            	   283:         MOVE.L  D0,-(SP)          ; Salva D0
02:000011F2 103C000A        	   284:         MOVE.B  #10,D0
02:000011F6 4EB811EA        	   285:         JSR     WriteChar
02:000011FA 103C000D        	   286:         MOVE.B  #13,D0
02:000011FE 4EB811EA        	   287:         JSR     WriteChar
02:00001202 201F            	   288:         MOVE.L  (SP)+,D0          ; Restaura D0
02:00001204 4E75            	   289:         RTS
                            	   290: ;Essa rotina não pode limpar toda a RAM senão ela sobreescreve o StackPointer
                            	   291: ;Acho que um limite seguro 512 bytes abaixo de $FFFFF.        
                            	   292: ClearRam:
02:00001206 41F900080000    	   293:         LEA     $080000,A0
02:0000120C 43F9000FFE00    	   294:         LEA     $0FFE00,A1
02:00001212 7000            	   295:         MOVEQ   #0,D0
                            	   296: .ClearLoop:
02:00001214 20C0            	   297:         MOVE.L  D0,(A0)+
02:00001216 B3C8            	   298:         CMPA.L  A0,A1
02:00001218 62FA            	   299:         BHI     .ClearLoop
02:0000121A 4E75            	   300:         RTS
                            	   301: ; =============================================================================
                            	   302: ; 3. CÓDIGO DE INICIALIZAÇÃO (START)
                            	   303: ; =============================================================================
                            	   304: vbug2_start:
02:0000121C 007C2700        	   305:         ORI     #$2700,SR           ; Desabilita interrupções (M68K)
                            	   306:         ;MOVE.W #$2700,SR           ; Habilita interrupções
02:00001220 4FF9000FFFF0    	   307:         LEA     $FFFF0,SP           ; Garante o Stack Pointer (se o hardware não carregou)
                            	   308:         ;AINDA NÃO DÁ PARA VALIDAR A ROM TROQUEI POR UMA MUITO MAIOR 
                            	   309:         ;É PRECISO REAVALIAR O SISTEMA DE VALIDAÇÃO
                            	   310:         ;JSR     VALIDATE_ROM        ; Verifica a ROM
                            	   311: 
                            	   312:         ; Configura USP (pilha de usuário)
02:00001226 41F90006F000    	   313:         LEA     USER_SP,A0
02:0000122C 4E60            	   314:         MOVE.L  A0,USP        ; 🔥 Define User Stack Pointe
                            	   315:         ;Inicializa o tamanho das memorias
02:0000122E 23FC000000000008	   316:         MOVE.L  #$00000000,romBase
02:00001236 0400
02:00001238 23FC000040000008	   317:         MOVE.L  #$00004000,romSize
02:00001240 0404
02:00001242 23FC000800000008	   318:         MOVE.L  #RAMBASE,ramBase    ;Total ram 1572864 de 0x8000 até 0x180000
02:0000124A 0408
02:0000124C 23FC0007FFFF0008	   319:         MOVE.L  #RAMSIZE,ramSize
02:00001254 040C
                            	   320: 
02:00001256 41F900080000    	   321:         LEA     RAM_VECTOR_BASE,A0
02:0000125C 303C000F        	   322:         MOVE.W  #15,D0                   ; Limita inicialização às 16 Traps primárias
02:00001260 43F81014        	   323:         LEA     DefaultHandler,A1
                            	   324: Init_Ram_Loop:
02:00001264 20C9            	   325:         MOVE.L  A1,(A0)+
02:00001266 51C8FFFC        	   326:         DBRA    D0,Init_Ram_Loop
                            	   327: 
                            	   328:         ;roda um programa aqui inicialização terminada
                            	   329: 
                            	   330:         INCLUDE "uart.asm"

Source: "uart.asm"
                            	     1: 
                            	     2: 
                            	     3: 
                            	     4: 
                            	     5: ;Uart register offsets
                            	     6: UART_BASE   equ         $FF9100
                            	     7: RHR         equ         $1   ; receive holding register (read)
                            	     8: THR         equ         $1   ; transmit holding register (write)
                            	     9: IER         equ         $3   ; interrupt enable register
                            	    10: ISR         equ         $5   ; interrupt status register (read)
                            	    11: FCR         equ         $5   ; FIFO control register (write)
                            	    12: LCR         equ         $7   ; line control register
                            	    13: MCR         equ         $9   ; modem control register
                            	    14: LSR         equ         $B   ; line status register
                            	    15: MSR         equ         $D   ; modem status register
                            	    16: SPR         equ         $F   ; scratchpad register (reserved for system use)
                            	    17: DLL         equ         $1   ; divisor latch LSB
                            	    18: DLM         equ         $3   ; divisor latch MSB
                            	    19: ; aliases for register names (used by different manufacturers)cd ..
                            	    20: RBR         equ         RHR ; receive buffer register
                            	    21: IIR         equ         ISR ; interrupt identification register
                            	    22: SCR         equ         SPR ; scratch register
                            	    23: 
                            	    24: B009600L    equ         $60
                            	    25: B019200L    equ         $30
                            	    26: B038400L    equ         $18
                            	    27: B057600L    equ         $10
                            	    28: B115200L    equ         $08
                            	    29: B230400L    equ         $04
                            	    30: B460800L    equ         $02
                            	    31: B921600L    equ         $01
                            	    32: B009600H    equ         $00
                            	    33: B019200H    equ         $00     
                            	    34: B038400H    equ         $00     
                            	    35: B057600H    equ         $00     
                            	    36: B115200H    equ         $00     
                            	    37: B230400H    equ         $00
                            	    38: B460800H    equ         $00
                            	    39: B921600H    equ         $00
                            	    40: 
                            	    41: 
                            	    42: ;;;;;;;;;;;;;;;;;;;;;;;;;;;;;;;;;;;;;;;;;;;;;;;;;;;;;;;;;;;;;;;;;;;;;;;;;;;;;;;
                            	    43: ; Initialize uart
                            	    44: ; Change A1
                            	    45: ; Parametros: D0 = baudrate number to write in DLM e DLL.
                            	    46: ; ----------------------------------------------------------------------
                            	    47: UartInit:
02:0000126A 227900080410    	    48:         move.l  currentUart,A1
02:00001270 137C000D0005    	    49:         move.b  #%00001101,FCR(A1)      ; enable FIFO
02:00001276 137C00830007    	    50:         move.b  #%10000011,LCR(A1)      ; 8 data bits, no parity, 1 stop bit, DLAB=1
02:0000127C 13400001        	    51:         move.b  D0,DLL(A1)              ; Byte 0 (LSB) -> DLL
02:00001280 E088            	    52:         lsr.l   #8,D0                   ; Shift right 8 bits
02:00001282 13400003        	    53:         move.b  D0,DLM(A1)              ; Byte 1 (agora no LSB) -> DLM
02:00001286 08A900070007    	    54:         bclr.b  #7,LCR(A1)              ; disable divisor latch
02:0000128C 4229000F        	    55:         clr.b   SCR(A1)                 ; clear the scratch register
02:00001290 4E75            	    56:         RTS
                            	    57: 
                            	    58: ;;;;;;;;;;;;;;;;;;;;;;;;;;;;;;;;;;;;;;;;;;;;;;;;;;;;;;;;;;;;;;;;;;;;;;;;;;;;;;;
                            	    59: ; Write char
                            	    60: ; Change A1
                            	    61: ; Receive char in D0
                            	    62: UartWriteChar:
02:00001292 43F900080410    	    63:         lea     currentUart,A1
                            	    64: .WaitTx:
02:00001298 08290005000B    	    65:         btst    #5,LSR(A1)      ; wait until transmit holding register is empty
02:0000129E 67F8            	    66:         beq     .WaitTx
02:000012A0 13400001        	    67:         move.b  D0,THR(A1)      ; transmit byte
02:000012A4 4E75            	    68:         RTS
                            	    69: 
                            	    70: ;;;;;;;;;;;;;;;;;;;;;;;;;;;;;;;;;;;;;;;;;;;;;;;;;;;;;;;;;;;;;;;;;;;;;;;;;;;;;;;
                            	    71: ; Write char
                            	    72: ; Change A1
                            	    73: ;
                            	    74: ; Return char in D0)
                            	    75: UartReadChar:
02:000012A6 43F900080410    	    76:         lea     currentUart,A1
                            	    77: .WaitRx:
02:000012AC 08290000000B    	    78:         btst    #0,LSR(A1)        ; RX ready?
02:000012B2 67F8            	    79:         beq     .WaitRx
02:000012B4 10290001        	    80:         move.b  RHR(A1),D0
02:000012B8 4E75            	    81:         RTS
                            	    82: 

Source: "vbug2-0.asm"
                            	   331:         INCLUDE "pico_vga.asm"

Source: "pico_vga.asm"
                            	     1: 
                            	     2: 
                            	     3: 
                            	     4: 
                            	     5: ;;picoVGA Register address
                            	     6: WRITE_SCREEN   equ $FF8001        ;;Endereço real  3 0x03  o pico enxerga 0x00
                            	     7: REG_02         equ $FF8003        ;;Endereço real  3 0x03  o pico enxerga 0x01
                            	     8: REG_03         equ $FF8005        ;;Endereço real  5 0x05  o pico enxerga 0x02
                            	     9: REG_04         equ $FF8007        ;;Endereço real  7 0x07  o pico enxerga 0x03
                            	    10: CONFIG_REG     equ $FF8009        ;;Endereço real  9 0x09  o pico enxerga 0x04
                            	    11: REG_06         equ $FF800B        ;;Endereço real 11 0x0b  o pico enxerga 0x05
                            	    12: REG_07         equ $FF800D        ;;Endereço real 13 0x0d  o pico enxerga 0x06
                            	    13: REG_08         equ $FF800F        ;;Endereço real 15 0x0f  o pico enxerga 0x07
                            	    14: REG_09         equ $FF8011        ;;Endereço real 17 0x11  o pico enxerga 0x08
                            	    15: REG_0A         equ $FF8013        ;;Endereço real 19 0x13  o pico enxerga 0x09
                            	    16: REG_0B         equ $FF8015        ;;Endereço real 21 0x15  o pico enxerga 0x0A
                            	    17: REG_0C         equ $FF8017        ;;Endereço real 23 0x17  o pico enxerga 0x0B
                            	    18: REG_0D         equ $FF8019        ;;Endereço real 25 0x19  o pico enxerga 0x0C
                            	    19: REG_0E         equ $FF801B        ;;Endereço real 27 0x1b  o pico enxerga 0x0D
                            	    20: REG_0F         equ $FF801D        ;;Endereço real 29 0x1d  o pico enxerga 0x0E
                            	    21: REG_10         equ $FF801F        ;;Endereço real 31 0x1f  o pico enxerga 0x0F
                            	    22: REG_11         equ $FF8021        ;;Endereço real 33 0x21  o pico enxerga 0x10
                            	    23: REG_12         equ $FF8023        ;;Endereço real 35 0x23  o pico enxerga 0x11
                            	    24: REG_13         equ $FF8025        ;;Endereço real 37 0x25  o pico enxerga 0x12
                            	    25: SET_MODE       equ $FF8027        ;;Endereço real 39 0x27  o pico enxerga 0x13 (0=Texto+Scroll, 1=Texto Fixo, 2=320x20
                            	    26: SET_TXT_COLOR  equ $FF8029        ;;Endereço real 41 0x29  o pico enxerga 0x14
                            	    27: CHANGE_CUR_POS equ $FF802B        ;;Endereço real 43 0x2b  o pico enxerga 0x15
                            	    28: REG_X_HIGH     equ $FF802D        ;;Endereço real 45 0x2d  o pico enxerga 0x16
                            	    29: REG_X_LOW      equ $FF802F        ;;Endereço real 47 0x2f  o pico enxerga 0x17
                            	    30: REG_Y_HIGH     equ $FF8031        ;;Endereço real 49 0x31  o pico enxerga 0x18
                            	    31: REG_Y_LOW      equ $FF8033        ;;Endereço real 51 0x33  o pico enxerga 0x19
                            	    32: CHANGE_BUFFER  equ $FF8035        ;;Endereço real 53 0x35  o pico enxerga 0x1A
                            	    33: SELECT_SCREEN  equ $FF8037        ;;Endereço real 55 0x37  o pico enxerga 0x1B
                            	    34: SET_HORIZONTAL equ $FF8039        ;;Endereço real 57 0x39  o pico enxerga 0x1C
                            	    35: SET_VERTICAL   equ $FF803B        ;;Endereço real 59 0x3b  o pico enxerga 0x1D
                            	    36: RUN_CMD        equ $FF803D        ;;Endereço real 61 0x3d  o pico enxerga 0x1E
                            	    37: CORINGA        equ $FF803F        ;;Endereço real 63 0x3f  o pico enxerga 0x1F    
                            	    38: 
                            	    39: ;Commands
                            	    40: CMD_SYSTEM_ENABLE equ  $A5
                            	    41: CMD_CLEAR_SCREEN  equ  $A4
                            	    42: CMD_SET_CUR_POS   equ  $A3
                            	    43: CMD_SET_TXT_COLOR equ  $A2
                            	    44: CMD_GO_HOME       equ  $A1
                            	    45: 
                            	    46: ;;;;;;;;;;;;;;;;;;;;;;;;;;;;;;;;;;;;;;;;;;;;;;;;;;;;;;;;;;;;;;;;;;;;;;;;;;;;;;;
                            	    47: ; Cursor go home
                            	    48: ; Receive cmd in D0
                            	    49: ;
                            	    50: PicoRunCmd:
02:000012BA 13C000FF803D    	    51:         MOVE.B  D0,RUN_CMD
02:000012C0 4E75            	    52:         RTS
                            	    53: 
                            	    54: 
                            	    55: ;;;;;;;;;;;;;;;;;;;;;;;;;;;;;;;;;;;;;;;;;;;;;;;;;;;;;;;;;;;;;;;;;;;;;;;;;;;;;;;
                            	    56: ; Cursor go home
                            	    57: ; 
                            	    58: PicoGoHome:
02:000012C2 103C00A1        	    59:         MOVE.B  #CMD_GO_HOME,D0
02:000012C6 13C000FF803D    	    60:         MOVE.B  D0,RUN_CMD
02:000012CC 4E75            	    61:         RTS
                            	    62: 
                            	    63: ;;;;;;;;;;;;;;;;;;;;;;;;;;;;;;;;;;;;;;;;;;;;;;;;;;;;;;;;;;;;;;;;;;;;;;;;;;;;;;;
                            	    64: ; Set cursor position
                            	    65: ; Detroy: A1
                            	    66: ; Receive X in D0
                            	    67: ; Receive Y in D1
                            	    68: PicoSetCursor:
02:000012CE 13C000FF802F    	    69:         MOVE.B  D0,REG_X_LOW
02:000012D4 E048            	    70:         LSR.W   #8,D0             ; Desloca o byte alto para a posição baixa em D0
02:000012D6 13C000FF802D    	    71:         MOVE.B  D0,REG_X_HIGH
02:000012DC 13C100FF8033    	    72:         MOVE.B  D1,REG_Y_LOW
02:000012E2 E049            	    73:         LSR.W   #8,D1             ; Desloca o byte alto para a posição baixa em D0
02:000012E4 13C100FF8031    	    74:         MOVE.B  D1,REG_Y_HIGH
02:000012EA 43F900FF803D    	    75:         LEA     RUN_CMD,A1    
02:000012F0 103C00A3        	    76:         MOVE.B  #CMD_SET_CUR_POS,D0
02:000012F4 1280            	    77:         MOVE.B  D0,(A1);
02:000012F6 4E75            	    78:         RTS
                            	    79: 
                            	    80: ;;;;;;;;;;;;;;;;;;;;;;;;;;;;;;;;;;;;;;;;;;;;;;;;;;;;;;;;;;;;;;;;;;;;;;;;;;;;;;;
                            	    81: ; Clear screen
                            	    82: ; Destroy: A1 
                            	    83: ; Command in D0
                            	    84: PicoClearScreen:
02:000012F8 43F900FF803D    	    85:         LEA     RUN_CMD,A1    
02:000012FE 103C00A4        	    86:         MOVE.B  #CMD_CLEAR_SCREEN,D0
02:00001302 1280            	    87:         MOVE.B  D0,(A1);
02:00001304 4E75            	    88:         RTS
                            	    89: 
                            	    90: ;;;;;;;;;;;;;;;;;;;;;;;;;;;;;;;;;;;;;;;;;;;;;;;;;;;;;;;;;;;;;;;;;;;;;;;;;;;;;;;
                            	    91: ; Write char in picoVGA
                            	    92: ; Destroy: A1,D1
                            	    93: PicoWriteChar:
02:00001306 43F900FF8001    	    94:             LEA     WRITE_SCREEN,A1
02:0000130C 1280            	    95:             MOVE.B  D0,(A1)     ; Escreve no endereço do PicoVGA (LDS ativo)
02:0000130E 223C00000FFF    	    96:             MOVE.L  #$FFF,D1    ; Contador para o delay (ajuste se precisar de mais)
                            	    97: .DELAY00:
02:00001314 5381            	    98:             SUBQ.L  #1,D1       ; Subtrai 1 de D1 (4 ciclos)
02:00001316 66FC            	    99:             BNE.S   .DELAY00    ; Pula se não for zero (10 ciclos se pular, 8 se não)
02:00001318 4E75            	   100:             RTS
                            	   101: 
                            	   102: ;;;;;;;;;;;;;;;;;;;;;;;;;;;;;;;;;;;;;;;;;;;;;;;;;;;;;;;;;;;;;;;;;;;;;;;;;;;;;;;
                            	   103: ; Imprime string terminada em ZERO
                            	   104: ; Destroy: A0 = String's address
                            	   105: ;
                            	   106: PicoPrintString:
02:0000131A 1018            	   107:         MOVE.B  (A0)+,D0      ; Pega caractere e avança ponteiro
02:0000131C 6704            	   108:         BEQ.S   .Done         ; Se for zero, termina
02:0000131E 61E6            	   109:         BSR.S   PicoWriteChar ; Chama sua função gloriosa!
02:00001320 60F8            	   110:         BRA.S   PicoPrintString   ; Loop para o próximo
                            	   111: .Done:
02:00001322 4E75            	   112:         RTS
                            	   113: 
                            	   114: ;;;;;;;;;;;;;;;;;;;;;;;;;;;;;;;;;;;;;;;;;;;;;;;;;;;;;;;;;;;;;;;;;;;;;;;;;;;;;;;
                            	   115: ; PrintHexAddress - Imprime endereço de 32 bits
                            	   116: ; Entrada: D0 = endereço
                            	   117: ;
                            	   118: PicoPrintHexAddress:
02:00001324 4840            	   119:         SWAP    D0                ; Imprime parte alta primeiro
02:00001326 4EB8132C        	   120:         JSR     .PrintWordHex
02:0000132A 4840            	   121:         SWAP    D0                ; Parte baixa
                            	   122: .PrintWordHex:
02:0000132C E158            	   123:         ROL.W   #8,D0             ; Byte mais significativo primeiro
02:0000132E 4EB81334        	   124:         JSR     PicoPrintByteHex
02:00001332 E058            	   125:         ROR.W   #8,D0             ; Byte menos significativo
                            	   126: PicoPrintByteHex:
02:00001334 1F00            	   127:         MOVE.B  D0,-(SP)          ; Salva byte original
02:00001336 E808            	   128:         LSR.B   #4,D0             ; Nibble alto
02:00001338 6106            	   129:         BSR     .PrintNibble
02:0000133A 101F            	   130:         MOVE.B  (SP)+,D0          ; Recupera byte
02:0000133C 0200000F        	   131:         ANDI.B  #$0F,D0           ; Nibble baixo
                            	   132: .PrintNibble:
02:00001340 B03C0009        	   133:         CMP.B   #9,D0
02:00001344 6302            	   134:         BLS     .Decimal
02:00001346 5E00            	   135:         ADD.B   #7,D0             ; Ajuste para A-F
                            	   136: .Decimal:
02:00001348 D03C0030        	   137:         ADD.B   #'0',D0
02:0000134C 4EF81306        	   138:         JMP     PicoWriteChar    ; Usa JMP para tail call optimization
                            	   139: 

Source: "vbug2-0.asm"
                            	   332:         INCLUDE "mem_dump.asm"

Source: "mem_dump.asm"
                            	     1: 
                            	     2: 
                            	     3: 
                            	     4: 
                            	     5: ; ----------------------------------------------------------------------
                            	     6: ; MemDump - Imprime dump de memória formatado
                            	     7: ; Entrada:
                            	     8: ;   A0 = Endereço inicial (ex: $80000)
                            	     9: ;   D0 = Quantidade de bytes (ex: 256)
                            	    10: ; ----------------------------------------------------------------------
                            	    11: MEMDUMP:
02:00001350 41F900000000    	    12:         LEA     MsgDumpHeader,A0
02:00001356 4EB900000000    	    13:         JSR     UART_WriteString
02:0000135C 207900080422    	    14:         MOVE.L  (addressInHex),A0
02:00001362 2008            	    15:         MOVE.L  A0,D0
02:00001364 4EB81324        	    16:         JSR     PicoPrintHexAddress
02:00001368 4EB811F0        	    17:         JSR     NewLine
                            	    18: 
02:0000136C 41F900000013    	    19:         LEA     MsgDumpHeader1,A0
02:00001372 4EB900000000    	    20:         JSR     UART_WriteString
                            	    21: 
02:00001378 207900080422    	    22:         MOVE.L  (addressInHex),A0
                            	    23:         ; Calcula endereço final
                            	    24: 
                            	    25: DUMPLOOPMASTER:
02:0000137E 7200            	    26:         CLR.L   D1
02:00001380 2208            	    27:         MOVE.L  A0,D1
02:00001382 0681000000FF    	    28:         ADDI.L  #$000000FF,D1             ; D1 = endereço final
                            	    29:         ;MOVE.L  D1,D0
                            	    30:         ;JSR     PicoPrintHexAddress
                            	    31:         ;JSR     new_line
                            	    32: 
                            	    33:         ;aguarda um caractere ser digitado mas nao usa é somente para parar a execução aqui
                            	    34:         ;JSR     UART_ReadChar
                            	    35: 
                            	    36: 
                            	    37: DumpLoop:
                            	    38:         ; Nova linha a cada 16 bytes
02:00001388 2008            	    39:         MOVE.L  A0,D0
02:0000138A 02800000000F    	    40:         ANDI.L  #$0000000F,D0     ; Verifica se é início de linha
02:00001390 661A            	    41:         BNE     NoNewLine
                            	    42: 
                            	    43:         ; Imprime endereço
02:00001392 2008            	    44:         MOVE.L  A0,D0
02:00001394 4EB81324        	    45:         JSR     PicoPrintHexAddress    ; Imprime 8 dígitos hex
                            	    46: 
02:00001398 103C003A        	    47:         MOVE.B  #':',D0
02:0000139C 4EB900000000    	    48:         JSR     UART_WriteChar
02:000013A2 103C0020        	    49:         MOVE.B  #' ',D0
02:000013A6 4EB900000000    	    50:         JSR     UART_WriteChar
                            	    51: 
                            	    52: NoNewLine:
                            	    53:         ; Imprime byte em hex
02:000013AC 1018            	    54:         MOVE.B  (A0)+,D0
02:000013AE 4EB81334        	    55:         JSR     PicoPrintByteHex
                            	    56: 
02:000013B2 103C0020        	    57:         MOVE.B  #' ',D0
02:000013B6 4EB900000000    	    58:         JSR     UART_WriteChar
                            	    59: 
                            	    60:         ; Verifica fim da linha (16 bytes)
02:000013BC 2008            	    61:         MOVE.L  A0,D0
02:000013BE 02800000000F    	    62:         ANDI.L  #$0000000F,D0
02:000013C4 665C            	    63:         BNE     NoEndLine
                            	    64: 
                            	    65:         ; Imprime caracteres ASCII
02:000013C6 103C0020        	    66:         MOVE.B  #' ',D0
02:000013CA 4EB900000000    	    67:         JSR     UART_WriteChar
02:000013D0 103C007C        	    68:         MOVE.B  #'|',D0
02:000013D4 4EB900000000    	    69:         JSR     UART_WriteChar
                            	    70: 
02:000013DA 43E8FFF0        	    71:         LEA     -16(A0),A1        ; Volta ao início da linha
02:000013DE 740F            	    72:         MOVEQ   #15,D2            ; 16 caracteres
                            	    73: 
                            	    74: AsciiLoop:
02:000013E0 1019            	    75:         MOVE.B  (A1)+,D0
02:000013E2 B03C0020        	    76:         CMP.B   #32,D0            ; Verifica se é imprimível
02:000013E6 6D0E            	    77:         BLT     NonPrintable
02:000013E8 B03C007E        	    78:         CMP.B   #126,D0
02:000013EC 6E08            	    79:         BGT     NonPrintable
                            	    80: 
02:000013EE 4EB900000000    	    81:         JSR     UART_WriteChar
02:000013F4 600A            	    82:         BRA     NextAscii
                            	    83: 
                            	    84: NonPrintable:
02:000013F6 103C002E        	    85:         MOVE.B  #'.',D0           ; Substitui não imprimíveis
02:000013FA 4EB900000000    	    86:         JSR     UART_WriteChar
                            	    87: 
                            	    88: NextAscii:
02:00001400 51CAFFDE        	    89:         DBRA    D2,AsciiLoop
                            	    90: 
02:00001404 103C007C        	    91:         MOVE.B  #'|',D0
02:00001408 4EB900000000    	    92:         JSR     UART_WriteChar
02:0000140E 103C000D        	    93:         MOVE.B  #13,D0            ; CR
02:00001412 4EB900000000    	    94:         JSR     UART_WriteChar
02:00001418 103C000A        	    95:         MOVE.B  #10,D0            ; LF
02:0000141C 4EB900000000    	    96:         JSR     UART_WriteChar
                            	    97: 
                            	    98: NoEndLine:
                            	    99:         ; Verifica fim do dump
02:00001422 B1C1            	   100:         CMP.L   D1,A0
02:00001424 6300FF62        	   101:         BLS     DumpLoop
                            	   102: 
02:00001428 2F08            	   103:         MOVE.L  A0,-(SP)          ; Salva endereço atual
02:0000142A 41F900000456    	   104:         LEA     MsgHitAnyKey,A0
02:00001430 4EB900000000    	   105:         JSR     UART_WriteString
02:00001436 4EB900000000    	   106:         JSR     UART_ReadChar
02:0000143C B03C001B        	   107:         CMP.B   #$1B,D0
02:00001440 6706            	   108:         BEQ     .fim
                            	   109: 
02:00001442 205F            	   110:         MOVE.L  (SP)+,A0          ; Recupera endereço atual
02:00001444 6000FF38        	   111:         BRA     DUMPLOOPMASTER
                            	   112: .fim
02:00001448 4E75            	   113:         RTS

Source: "vbug2-0.asm"
                            	   333: 
                            	   334: 
                            	   335:         INCLUDE "section_data.asm"

Source: "section_data.asm"
                            	     1: ; ----------------------------------------------------------------------
                            	     2: ; SECTION data
                            	     3: ;-----------------------------------------------------------------------
                            	     4:     SECTION .rodata
                            	     5:     SECTION .data
                            	     6: 
                            	     7: ; ----------------------------------------------------------------------
                            	     8: ; Strings do Sistema
                            	     9: ; ----------------------------------------------------------------------
                            	    10: MsgDumpHeader:
04:00000000 4D656D6F72792044	    11:     DC.B    "Memory Dump from :",0
04:00000008 756D702066726F6D
04:00000010 203A
04:00000012 00
                            	    12: MsgDumpHeader1:
04:00000013 4164647265737320	    13:     DC.B    "Address   00 01 02 03 04 05 06 07 08 09 0A 0B 0C 0D 0E 0F  ASCII",13,10
04:0000001B 2020303020303120
04:00000023 3032203033203034
04:0000002B 2030352030362030
04:00000033 3720303820303920
04:0000003B 3041203042203043
04:00000043 2030442030452030
04:0000004B 4620204153434949
04:00000053 0D
04:00000054 0A
04:00000055 2D2D2D2D2D2D2D2D	    14:     DC.B    "--------  -----------------------------------------------  ----------------",13,10,0
04:0000005D 20202D2D2D2D2D2D
04:00000065 2D2D2D2D2D2D2D2D
04:0000006D 2D2D2D2D2D2D2D2D
04:00000075 2D2D2D2D2D2D2D2D
04:0000007D 2D2D2D2D2D2D2D2D
04:00000085 2D2D2D2D2D2D2D2D
04:0000008D 2D20202D2D2D2D2D
04:00000095 2D2D2D2D2D2D2D2D
04:0000009D 2D2D2D
04:000000A0 0D
04:000000A1 0A
04:000000A2 00
                            	    15: MsgMSGINIT:
04:000000A3 0D              	    16:     DC.B    13,10,"Tcpbox68k - copyright (C) pdsilva(pgordao).V1.0",13,10
04:000000A4 0A
04:000000A5 546370626F783638
04:000000AD 6B202D20636F7079
04:000000B5 7269676874202843
04:000000BD 2920706473696C76
04:000000C5 612870676F726461
04:000000CD 6F292E56312E30
04:000000D4 0D
04:000000D5 0A
04:000000D6 4D43363830303020	    17:     DC.B    "MC68000 System Monitor",13,10
04:000000DE 53797374656D204D
04:000000E6 6F6E69746F72
04:000000EC 0D
04:000000ED 0A
                            	    18:     INCLUDE "build_date.inc"

Source: "build_date.inc"
                            	     1: ;From here it is generated and pushed by update_build.sh
                            	     2: BUILD_DATE:
04:000000EE 4275696C642E3A20	     3:       DC.B "Build.: 2026-05-15",13,10
04:000000F6 323032362D30352D
04:000000FE 3135
04:00000100 0D
04:00000101 0A
04:00000102 53657269616C3A20	     4:       DC.B "Serial: 000001",13,10,0
04:0000010A 303030303031
04:00000110 0D
04:00000111 0A
04:00000112 00
                            	     5: ;End generated code
                            	     6: 

Source: "section_data.asm"
                            	    19:     INCLUDE "build_counter.inc"

Source: "build_counter.inc"
04:00000113 436F6D70696C6174	     1:       DC.B "Compilation: #00",0
04:0000011B 696F6E3A20233030
04:00000123 00
                            	     2: 

Source: "section_data.asm"
04:00000124 2D2D2D2D2D2D2D2D	    20:     DC.B    "-------------------------------------------",13,10,13,10,0
04:0000012C 2D2D2D2D2D2D2D2D
04:00000134 2D2D2D2D2D2D2D2D
04:0000013C 2D2D2D2D2D2D2D2D
04:00000144 2D2D2D2D2D2D2D2D
04:0000014C 2D2D2D
04:0000014F 0D
04:00000150 0A
04:00000151 0D
04:00000152 0A
04:00000153 00
                            	    21: MsgMenuText:
04:00000154 332E204C6F616420	    22:     DC.B    "3. Load Program (PC)",13,10
04:0000015C 50726F6772616D20
04:00000164 28504329
04:00000168 0D
04:00000169 0A
04:0000016A 342E205772697465	    23:     DC.B    "4. Write Program (Hex)",13,10
04:00000172 2050726F6772616D
04:0000017A 202848657829
04:00000180 0D
04:00000181 0A
04:00000182 352E2052756E2050	    24:     DC.B    "5. Run Program",13,10
04:0000018A 726F6772616D
04:00000190 0D
04:00000191 0A
04:00000192 362E204163656E64	    25:     DC.B    "6. Acendendo os LEDs",13,10
04:0000019A 656E646F206F7320
04:000001A2 4C454473
04:000001A6 0D
04:000001A7 0A
04:000001A8 372E204D656D6F72	    26:     DC.B    "7. Memory dump from address buffer",13,10
04:000001B0 792064756D702066
04:000001B8 726F6D2061646472
04:000001C0 6573732062756666
04:000001C8 6572
04:000001CA 0D
04:000001CB 0A
04:000001CC 382E205265616420	    27:     DC.B    "8. Read hexa value and put in address buffer",13,10
04:000001D4 686578612076616C
04:000001DC 756520616E642070
04:000001E4 757420696E206164
04:000001EC 6472657373206275
04:000001F4 66666572
04:000001F8 0D
04:000001F9 0A
04:000001FA 392E2046726F6D20	    28:     DC.B    "9. From screen to buffer E from buffer to screen",13,10
04:00000202 73637265656E2074
04:0000020A 6F20627566666572
04:00000212 20452066726F6D20
04:0000021A 6275666665722074
04:00000222 6F2073637265656E
04:0000022A 0D
04:0000022B 0A
04:0000022C 3E20            	    29:     DC.B    "> ",0
04:0000022E 00
                            	    30: MsgUARTPrompt:
04:0000022F 5541525420416464	    31:     DC.B    "UART Address (2000/2100/2200/2300): ",0
04:00000237 7265737320283230
04:0000023F 30302F323130302F
04:00000247 323230302F323330
04:0000024F 30293A20
04:00000253 00
                            	    32: MsgBaudPrompt:
04:00000254 0D              	    33:     DC.B 13,10,"1 - 9600   ",13,10
04:00000255 0A
04:00000256 31202D2039363030
04:0000025E 202020
04:00000261 0D
04:00000262 0A
04:00000263 32202D2031392E32	    34:     DC.B "2 - 19.2K  ",13,10
04:0000026B 4B2020
04:0000026E 0D
04:0000026F 0A
04:00000270 33202D2033382E34	    35:     DC.B "3 - 38.4K  ",13,10
04:00000278 4B2020
04:0000027B 0D
04:0000027C 0A
04:0000027D 34202D2035372E36	    36:     DC.B "4 - 57.6K  ",13,10
04:00000285 4B2020
04:00000288 0D
04:00000289 0A
04:0000028A 35202D203131352E	    37:     DC.B "5 - 115.2K ",13,10
04:00000292 324B20
04:00000295 0D
04:00000296 0A
04:00000297 36202D203233302E	    38:     DC.B "6 - 230.4K ",13,10
04:0000029F 344B20
04:000002A2 0D
04:000002A3 0A
04:000002A4 37202D203436302E	    39:     DC.B "7 - 460.8K ",13,10
04:000002AC 384B20
04:000002AF 0D
04:000002B0 0A
04:000002B1 38202D203932312E	    40:     DC.B "8 - 921.6K ",13,10
04:000002B9 364B20
04:000002BC 0D
04:000002BD 0A
04:000002BE 30202D205465726D	    41:     DC.B "0 - Terminar ",13,10
04:000002C6 696E617220
04:000002CB 0D
04:000002CC 0A
04:000002CD 53656C6563742042	    42:     DC.B "Select Baud Rate Value: ",0
04:000002D5 6175642052617465
04:000002DD 2056616C75653A20
04:000002E5 00
                            	    43: MsgLoadPrompt:
04:000002E6 416775617264616E	    44:     DC.B    "Aguardando 68ksender to initiate: ",0
04:000002EE 646F2036386B7365
04:000002F6 6E64657220746F20
04:000002FE 696E697469617465
04:00000306 3A20
04:00000308 00
                            	    45: MsgLoadPromptReady:
04:00000309 526561647920746F	    46:     DC.B    "Ready to receive from PC!",0
04:00000311 2072656365697665
04:00000319 2066726F6D205043
04:00000321 21
04:00000322 00
                            	    47: MsgLoadDoneMsg:
04:00000323 50726F6772616D20	    48:     DC.B    "Program loaded successfully!",13,10,0
04:0000032B 6C6F616465642073
04:00000333 7563636573736675
04:0000033B 6C6C7921
04:0000033F 0D
04:00000340 0A
04:00000341 00
                            	    49: MsgWritePrompt:
04:00000342 5772697465204164	    50:     DC.B    "Write Address: ",0
04:0000034A 64726573733A20
04:00000351 00
                            	    51: MsgWriteSizePrompt:
04:00000352 577269746520796F	    52:     DC.B    "Write your program or . to finish ",13,10,0
04:0000035A 75722070726F6772
04:00000362 616D206F72202E20
04:0000036A 746F2066696E6973
04:00000372 6820
04:00000374 0D
04:00000375 0A
04:00000376 00
                            	    53: MsgWriteDoneMsg:
04:00000377 0D              	    54:     DC.B    13,10,"Data written to memory!",13,10,0
04:00000378 0A
04:00000379 4461746120777269
04:00000381 7474656E20746F20
04:00000389 6D656D6F727921
04:00000390 0D
04:00000391 0A
04:00000392 00
                            	    55: MsgRunPrompt:
04:00000393 0D              	    56:     DC.B    13,10,"Running program...",13,10,0
04:00000394 0A
04:00000395 52756E6E696E6720
04:0000039D 70726F6772616D2E
04:000003A5 2E2E
04:000003A7 0D
04:000003A8 0A
04:000003A9 00
                            	    57: MsgNoProgramToRUN:
04:000003AA 4E6F2070726F6772	    58:     DC.B    "No program loaded to run",13,10,0
04:000003B2 616D206C6F616465
04:000003BA 6420746F2072756E
04:000003C2 0D
04:000003C3 0A
04:000003C4 00
                            	    59: MsgPromptNotImplemented:
04:000003C5 4E6F7420496D706C	    60:     DC.B    "Not Implemented!",13,10,0
04:000003CD 656D656E74656421
04:000003D5 0D
04:000003D6 0A
04:000003D7 00
                            	    61: MsgBufferEmpty:
04:000003D8 4F6F6F7073204275	    62:     DC.B    "Ooops Buffer Empty!",13,10,0
04:000003E0 6666657220456D70
04:000003E8 747921
04:000003EB 0D
04:000003EC 0A
04:000003ED 00
                            	    63: MsgTestHexInput:
04:000003EE 0D              	    64:     DC.B    13,10,"Digite um endereco de no maximo 4bytes 8 caracteres!",13,10
04:000003EF 0A
04:000003F0 4469676974652075
04:000003F8 6D20656E64657265
04:00000400 636F206465206E6F
04:00000408 206D6178696D6F20
04:00000410 3462797465732038
04:00000418 2063617261637465
04:00000420 72657321
04:00000424 0D
04:00000425 0A
04:00000426 6D61697320717565	    65:     DC.B    "mais que isso sera descatado os excedentes...",13,10,0
04:0000042E 206973736F207365
04:00000436 7261206465736361
04:0000043E 7461646F206F7320
04:00000446 6578636564656E74
04:0000044E 65732E2E2E
04:00000453 0D
04:00000454 0A
04:00000455 00
                            	    66: MsgHitAnyKey:
04:00000456 0D              	    67:     DC.B    13,10,"Hit any <ENTER> to continue <ESC> to terminate: ",0
04:00000457 0A
04:00000458 48697420616E7920
04:00000460 3C454E5445523E20
04:00000468 746F20636F6E7469
04:00000470 6E7565203C455343
04:00000478 3E20746F20746572
04:00000480 6D696E6174653A20
04:00000488 00
                            	    68: MsgXmodemInit:
04:00000489 584D4F44454D2052	    69:     DC.B    "XMODEM Receiver Initialized",13,10,0
04:00000491 6563656976657220
04:00000499 496E697469616C69
04:000004A1 7A6564
04:000004A4 0D
04:000004A5 0A
04:000004A6 00
                            	    70: MsgXmodemWaitingSoh:
04:000004A7 57616974696E6720	    71:     DC.B    "Waiting for SOH (Start of Header)...",13,10,0
04:000004AF 666F7220534F4820
04:000004B7 285374617274206F
04:000004BF 6620486561646572
04:000004C7 292E2E2E
04:000004CB 0D
04:000004CC 0A
04:000004CD 00
                            	    72: MsgCs:
04:000004CE 436865636B73756D	    73:     DC.B    "Checksum ROM.: ",0
04:000004D6 20524F4D2E3A20
04:000004DD 00
                            	    74: MsgCscalc:
04:000004DE 202D20436865636B	    75:     DC.B    " - Checksum CAL.: ",0
04:000004E6 73756D2043414C2E
04:000004EE 3A20
04:000004F0 00
                            	    76: MsgDefaultHandler:
04:000004F1 2044656661756C74	    77:     DC.B    " Default handler wrote UART ",13,10,0
04:000004F9 2068616E646C6572
04:00000501 2077726F74652055
04:00000509 41525420
04:0000050D 0D
04:0000050E 0A
04:0000050F 00
                            	    78: MsgViaTrap1:
04:00000510 4D656E736167656D	    79:     DC.B    "Mensagem via trap #1",13,10,0
04:00000518 2076696120747261
04:00000520 70202331
04:00000524 0D
04:00000525 0A
04:00000526 00
04:00000527 457863657074696F	    80: MsgDebug:     DC.B "Exception - PC: ",0
04:0000052F 6E202D2050433A20
04:00000537 00
04:00000538 5374617475732052	    81: MsgSr:        DC.B "Status Reg: ",0
04:00000540 65673A20
04:00000544 00
04:00000545 537461636B205265	    82: MsgSp:        DC.B "Stack Reg: ",0
04:0000054D 673A20
04:00000550 00
04:00000551 537461636B552052	    83: MsgSpu:       DC.B "StackU Reg: ",0
04:00000559 65673A20
04:0000055D 00
04:0000055E 566563746F72206F	    84: MsgVector:    DC.B "Vector offset: ",0
04:00000566 66667365743A20
04:0000056D 00
04:0000056E 566563746F72206E	    85: MsgVectorNum: DC.B "Vector number: ",0
04:00000576 756D6265723A20
04:0000057D 00
04:0000057E 427573204572726F	    86: MsgBusError:  DC.B "Bus Error!",0
04:00000586 7221
04:00000588 00
04:00000589 4164647265737320	    87: MsgAddrError: DC.B "Address Error!",0
04:00000591 4572726F7221
04:00000597 00
04:00000598 496C6C6567616C20	    88: MsgIllegal:   DC.B "Illegal Instruction!",0
04:000005A0 496E737472756374
04:000005A8 696F6E21
04:000005AC 00
04:000005AD 5452415020496E73	    89: MsgTrap:      DC.B "TRAP Instruction!",0
04:000005B5 7472756374696F6E
04:000005BD 21
04:000005BE 00
04:000005BF 556E6B6E6F776E20	    90: MsgUnknown:   DC.B "Unknown Exception!",0
04:000005C7 457863657074696F
04:000005CF 6E21
04:000005D1 00
                            	    91: 
                            	    92:     ALIGN   2
                            	    93:     ;Isso preenche 762 com 00
                            	    94:     ;DS.B    $00000762 - *, $00
04:000005D4 524F4D76342E31  	    95:     DC.B    "ROMv4.1",0   ; String de identificação
04:000005DB 00
                            	    96:     ;DS.B    $00002968 - *, $00
                            	    97:     ORG     $3FFC
                            	    98: checksum_rom:
04:00003FFC 00000000        	    99:     DC.L    0     ; Valor calculado
                            	   100: 

Source: "vbug2-0.asm"
                            	   336:         INCLUDE "section_bss.asm"

Source: "section_bss.asm"
                            	     1: ; ----------------------------------------------------------------------
                            	     2: ; SECTION bss
                            	     3: ;-----------------------------------------------------------------------
                            	     4:     SECTION .bss
                            	     5:     ORG     RAMBASE+$400               ; Área para variáveis
05:00080400 00000000        	     6: romBase             DS.L 1
05:00080404 00000000        	     7: romSize             DS.L 1
05:00080408 00000000        	     8: ramBase             DS.L 1
05:0008040C 00000000        	     9: ramSize             DS.L 1
05:00080410 00000000        	    10: currentUart         DS.L 1
05:00080414 0000            	    11: currentBaudRate     DS.W 1
05:00080416 00000000        	    12: currentOutput       DS.L 1
05:0008041A 00000000        	    13: currentInput        DS.L 1
05:0008041E 00000000        	    14: currentTimer        DS.L 1
                            	    15: ; === Buffer circular for uart (256 bytes) ===
05:00080422 00000000        	    16: addressInHex        DS.L 1            ; ENDEREÇO LIDO
05:00080426 00000000        	    17: buffer_head         DS.L 1            ; Ponteiro de escrita (próxima posição livre)
05:0008042A 00000000        	    18: buffer_tail         DS.L 1            ; Ponteiro de leitura (próximo dado a ler)
05:0008042E 0000            	    19: buffer_count        DS.W 1            ; Contador de bytes no buffer
05:00080430 00              	    20: buffer              DS.B 256          ; Buffer de recepção
05:00080431 *
                            	    21: ;=== System variables
05:00080530 00              	    22: xmodem_buffer       DS.B   512        ; Buffer de dados
05:00080531 *
05:00080730 00              	    23: block_number        DS.B   1          ; Número do bloco atual
05:00080731 00              	    24: expected_block      DS.B   1          ; Próximo bloco esperado
05:00080732 00              	    25: usr_buffer_addr     DS.B   512
05:00080733 *
05:00080932 00              	    26: flag_pgm_loaded     DS.B   1
                            	    27:         ALIGN 4
05:00080940 00000000        	    28: checksum_calc       DS.L   1
05:00080944 00000000        	    29: minhas_flags        DS.L   1
05:00080948 00000000        	    30: monitor_stack       DS.L   1
05:0008094C 00000000        	    31: system_tick         DS.L   1
                            	    32: 
                            	    33:         ORG $00082000
                            	    34:         ALIGN 2
05:00082000 00              	    35: pgm_buffer          DS.B   8192
05:00082001 *
                            	    36:         END

Source: "vbug2-0.asm"
                            	   337: 
                            	   338:         END
                            	   339: 
                            	   340:    
                            	   341: 
                            	   342: 
                            	   343: 
                            	   344: 


Symbols by name:
AsciiLoop                        A:000013E0
BUILD_DATE                      04:000000EE
CMD_CLEAR_SCREEN                 E:000000A4
CMD_GO_HOME                      E:000000A1
CMD_SET_CUR_POS                  E:000000A3
ClearRam                         A:00001206
DLL                              E:00000001
DLM                              E:00000003
DUMPLOOPMASTER                   A:0000137E
DefaultHandler                   A:00001014
DumpLoop                         A:00001388
FCR                              E:00000005
Gateway                          A:00001174
ISR                              E:00000005
Init_Ram_Loop                    A:00001264
Int1Handler                      A:00001178
Int2Handler                      A:00001188
Int3Handler                      A:00001198
Int4Handler                      A:000011A8
Int5Handler                      A:000011B8
Int6Handler                      A:000011C8
Int7Handler                      A:000011D8
LCR                              E:00000007
LSR                              E:0000000B
MEMDUMP                          A:00001350
MsgAddrError                    04:00000589
MsgBaudPrompt                   04:00000254
MsgBufferEmpty                  04:000003D8
MsgBusError                     04:0000057E
MsgCs                           04:000004CE
MsgCscalc                       04:000004DE
MsgDebug                        04:00000527
MsgDefaultHandler               04:000004F1
MsgDumpHeader                   04:00000000
MsgDumpHeader1                  04:00000013
MsgHitAnyKey                    04:00000456
MsgIllegal                      04:00000598
MsgLoadDoneMsg                  04:00000323
MsgLoadPrompt                   04:000002E6
MsgLoadPromptReady              04:00000309
MsgMSGINIT                      04:000000A3
MsgMenuText                     04:00000154
MsgNoProgramToRUN               04:000003AA
MsgPromptNotImplemented         04:000003C5
MsgRunPrompt                    04:00000393
MsgSp                           04:00000545
MsgSpu                          04:00000551
MsgSr                           04:00000538
MsgTestHexInput                 04:000003EE
MsgTrap                         04:000005AD
MsgUARTPrompt                   04:0000022F
MsgUnknown                      04:000005BF
MsgVector                       04:0000055E
MsgVectorNum                    04:0000056E
MsgViaTrap1                     04:00000510
MsgWriteDoneMsg                 04:00000377
MsgWritePrompt                  04:00000342
MsgWriteSizePrompt              04:00000352
MsgXmodemInit                   04:00000489
MsgXmodemWaitingSoh             04:000004A7
NewLine                          A:000011F0
NextAscii                        A:00001400
NoEndLine                        A:00001422
NoNewLine                        A:000013AC
NonPrintable                     A:000013F6
PicoClearScreen                  A:000012F8
PicoGoHome                       A:000012C2
PicoPrintByteHex                 A:00001334
PicoPrintHexAddress              A:00001324
PicoPrintString                  A:0000131A
PicoRunCmd                       A:000012BA
PicoSetCursor                    A:000012CE
PicoWriteChar                    A:00001306
PrintAddrHex                     A:000011EE
RAMBASE                          E:00080000
RAMSIZE                          E:0007FFFF
RAM_VECTOR_BASE                  E:00080000
REG_X_HIGH                       E:00FF802D
REG_X_LOW                        E:00FF802F
REG_Y_HIGH                       E:00FF8031
REG_Y_LOW                        E:00FF8033
RHR                              E:00000001
ROM_JUMPTABLE                    A:00000400
RUN_CMD                          E:00FF803D
SCR                              E:0000000F
SERVICE_ADDR_ERR                 A:00001002
SERVICE_BUS_ERR                  A:00001000
SERVICE_CHECK                    A:00001008
SERVICE_DIV0                     A:00001006
SERVICE_ILLEGAL                  A:00001004
SERVICE_LINE_A                   A:00001010
SERVICE_LINE_F                   A:00001012
SERVICE_PRIV                     A:0000100C
SERVICE_TRACE                    A:0000100E
SERVICE_TRAPV                    A:0000100A
SPR                              E:0000000F
SpuriousHandler                  A:000010CE
THR                              E:00000001
Trap0Handler                     A:000010D0
Trap1Handler                     A:000010DC
Trap2Handler                     A:000010E8
Trap3Handler                     A:000010F4
Trap4Handler                     A:000010FE
Trap5Handler                     A:00001108
Trap6Handler                     A:00001112
Trap7Handler                     A:0000111C
Trap8Handler                     A:00001126
Trap9Handler                     A:00001130
TrapAHandler                     A:0000113A
TrapBHandler                     A:00001144
TrapCHandler                     A:0000114E
TrapDHandler                     A:00001158
TrapEHandler                     A:00001162
TrapFHandler                     A:0000116C
UART_ReadChar                   external
UART_WriteChar                  external
UART_WriteString                external
USER_SP                          E:0006F000
UartInit                         A:0000126A
UartReadChar                     A:000012A6
UartWriteChar                    A:00001292
Universal_Trampoline             A:000011E8
WRITE_SCREEN                     E:00FF8001
WriteChar                        A:000011EA
WriteString                      A:000011EC
addressInHex                     A:00080422
block_number                     A:00080730
buffer                           A:00080430
buffer_count                     A:0008042E
buffer_head                      A:00080426
buffer_tail                      A:0008042A
checksum_calc                    A:00080940
checksum_rom                     A:00003FFC
currentBaudRate                  A:00080414
currentInput                     A:0008041A
currentOutput                    A:00080416
currentTimer                     A:0008041E
currentUart                      A:00080410
expected_block                   A:00080731
flag_pgm_loaded                  A:00080932
minhas_flags                     A:00080944
monitor_stack                    A:00080948
pgm_buffer                       A:00082000
ramBase                          A:00080408
ramSize                          A:0008040C
romBase                          A:00080400
romSize                          A:00080404
system_tick                      A:0008094C
usr_buffer_addr                  A:00080732
vbug2_start                      A:0000121C
xmodem_buffer                    A:00080530

Symbols by value:
00000000 MsgDumpHeader
00000001 DLL
00000001 RHR
00000001 THR
00000003 DLM
00000005 FCR
00000005 ISR
00000007 LCR
0000000B LSR
0000000F SCR
0000000F SPR
00000013 MsgDumpHeader1
000000A1 CMD_GO_HOME
000000A3 CMD_SET_CUR_POS
000000A3 MsgMSGINIT
000000A4 CMD_CLEAR_SCREEN
000000EE BUILD_DATE
00000154 MsgMenuText
0000022F MsgUARTPrompt
00000254 MsgBaudPrompt
000002E6 MsgLoadPrompt
00000309 MsgLoadPromptReady
00000323 MsgLoadDoneMsg
00000342 MsgWritePrompt
00000352 MsgWriteSizePrompt
00000377 MsgWriteDoneMsg
00000393 MsgRunPrompt
000003AA MsgNoProgramToRUN
000003C5 MsgPromptNotImplemented
000003D8 MsgBufferEmpty
000003EE MsgTestHexInput
00000400 ROM_JUMPTABLE
00000456 MsgHitAnyKey
00000489 MsgXmodemInit
000004A7 MsgXmodemWaitingSoh
000004CE MsgCs
000004DE MsgCscalc
000004F1 MsgDefaultHandler
00000510 MsgViaTrap1
00000527 MsgDebug
00000538 MsgSr
00000545 MsgSp
00000551 MsgSpu
0000055E MsgVector
0000056E MsgVectorNum
0000057E MsgBusError
00000589 MsgAddrError
00000598 MsgIllegal
000005AD MsgTrap
000005BF MsgUnknown
00001000 SERVICE_BUS_ERR
00001002 SERVICE_ADDR_ERR
00001004 SERVICE_ILLEGAL
00001006 SERVICE_DIV0
00001008 SERVICE_CHECK
0000100A SERVICE_TRAPV
0000100C SERVICE_PRIV
0000100E SERVICE_TRACE
00001010 SERVICE_LINE_A
00001012 SERVICE_LINE_F
00001014 DefaultHandler
000010CE SpuriousHandler
000010D0 Trap0Handler
000010DC Trap1Handler
000010E8 Trap2Handler
000010F4 Trap3Handler
000010FE Trap4Handler
00001108 Trap5Handler
00001112 Trap6Handler
0000111C Trap7Handler
00001126 Trap8Handler
00001130 Trap9Handler
0000113A TrapAHandler
00001144 TrapBHandler
0000114E TrapCHandler
00001158 TrapDHandler
00001162 TrapEHandler
0000116C TrapFHandler
00001174 Gateway
00001178 Int1Handler
00001188 Int2Handler
00001198 Int3Handler
000011A8 Int4Handler
000011B8 Int5Handler
000011C8 Int6Handler
000011D8 Int7Handler
000011E8 Universal_Trampoline
000011EA WriteChar
000011EC WriteString
000011EE PrintAddrHex
000011F0 NewLine
00001206 ClearRam
0000121C vbug2_start
00001264 Init_Ram_Loop
0000126A UartInit
00001292 UartWriteChar
000012A6 UartReadChar
000012BA PicoRunCmd
000012C2 PicoGoHome
000012CE PicoSetCursor
000012F8 PicoClearScreen
00001306 PicoWriteChar
0000131A PicoPrintString
00001324 PicoPrintHexAddress
00001334 PicoPrintByteHex
00001350 MEMDUMP
0000137E DUMPLOOPMASTER
00001388 DumpLoop
000013AC NoNewLine
000013E0 AsciiLoop
000013F6 NonPrintable
00001400 NextAscii
00001422 NoEndLine
00003FFC checksum_rom
0006F000 USER_SP
0007FFFF RAMSIZE
00080000 RAMBASE
00080000 RAM_VECTOR_BASE
00080400 romBase
00080404 romSize
00080408 ramBase
0008040C ramSize
00080410 currentUart
00080414 currentBaudRate
00080416 currentOutput
0008041A currentInput
0008041E currentTimer
00080422 addressInHex
00080426 buffer_head
0008042A buffer_tail
0008042E buffer_count
00080430 buffer
00080530 xmodem_buffer
00080730 block_number
00080731 expected_block
00080732 usr_buffer_addr
00080932 flag_pgm_loaded
00080940 checksum_calc
00080944 minhas_flags
00080948 monitor_stack
0008094C system_tick
00082000 pgm_buffer
00FF8001 WRITE_SCREEN
00FF802D REG_X_HIGH
00FF802F REG_X_LOW
00FF8031 REG_Y_HIGH
00FF8033 REG_Y_LOW
00FF803D RUN_CMD
